TOOL:	xrun	21.03-s009: Started on Oct 31, 2023 at 23:23:17 CET
xrun
	-elaborate
	-l xrun_elaborate.log
	-F ../tb/tb.f
		-F ../tb/../../common/vdic_dut_2023.f
			vdic_dut_2023.svp
		mult_pkg.sv
		mult_bfm.sv
		tpgen.sv
		coverage.sv
		scoreboard.sv
		top.sv
	-v93
	-define DEBUG
	+nowarnDSEM2009
	+nowarnDSEMEL
	+nowarnCGDEFN
	+nowarnCOVUTA
	+nowarnBADPRF
	+nowarnXCLGNOPTM
	+nowarnRNDXCELON
	+nowarnSAWSTP
	-xmlibdirname INCA_libs
	+overwrite
	-nocopyright
	-coverage all
	-covoverwrite
	-covfile xrun_covfile.txt
		Caching library 'worklib' ....... Done
	Elaborating the design hierarchy:
	Top level design units:
		mult_pkg
		top

	Extracting FSMs for coverage:
		worklib.tpgen
		worklib.coverage
		worklib.scoreboard
		worklib.top
	Total FSMs extracted = 0
	Building instance overlay tables: .................... Done
	Enabling instrumentation for coverage types: block expression FSM toggle functional
	Generating native compiled code:
		worklib.vdic_dut_2023:svp <0x16224cc6>
			streams:  25, words: 13928
		worklib.scoreboard:sv <0x1118e8ad>
			streams:   7, words: 20728
		worklib.coverage:sv <0x07099cad>
			streams:   5, words:  5641
		worklib.tpgen:sv <0x6d6677f9>
			streams:   3, words: 11531
		worklib.top:sv <0x014c77a6>
			streams:   8, words:   974
		worklib.mult_bfm:sv <0x7c10fcdf>
			streams:   4, words: 10778
xmelab: *W,COVNOEN: By default, toggle coverage is not supported for systemverilog enumerated nets and variables inside structures. To enable toggle coverage of these objects, specify the 'set_toggle_scoring -sv_enum -sv_struct_with_enum' command in the coverage configuration file.
	Building instance specific data structures.
	Performing constant object marking (COM) analysis.
	Loading native compiled code:     .................... Done
	Design hierarchy summary:
		                Instances  Unique
		Modules:                5       5
		Interfaces:             1       1
		Verilog packages:       1       1
		Registers:             76      76
		Scalar wires:          13       -
		Vectored wires:        10       -
		Always blocks:          3       3
		Initial blocks:         4       4
		Final blocks:           1       1
		Cont. assignments:      8      10
		Pseudo assignments:     8       8
		Assertions:             1       1
		Covergroup Instances:   0       2
	Writing initial simulation snapshot: worklib.top:sv
TOOL:	xrun	21.03-s009: Exiting on Oct 31, 2023 at 23:23:17 CET  (total: 00:00:00)
