xrun: 21.03-s009: (c) Copyright 1995-2021 Cadence Design Systems, Inc.
TOOL:	xrun	21.03-s009: Started on Nov 16, 2023 at 00:36:20 CET
xrun
	+compile
	+sv
	-f /home/student/jswiebocki/VDIC/.dvt/lab04_part2.build
		-F lab04part2/tb/tb.f
			mult_pkg.sv
			mult_bfm.sv
			-F lab04part2/tb/../../common/vdic_dut_2023.f
				vdic_dut_2023.svp
			top.sv
			+incdir+tb_classes
			+incdir+.
			+nowarn+DSEMEL
file: lab04part2/tb/mult_pkg.sv
	package worklib.mult_pkg:sv
		errors: 0, warnings: 0
file: lab04part2/tb/mult_bfm.sv
	interface worklib.mult_bfm:sv
		errors: 0, warnings: 0
file: lab04part2/tb/../../common/vdic_dut_2023.svp
	module worklib.vdic_dut_2023:svp
		errors: 0, warnings: 0
file: lab04part2/tb/top.sv
	module worklib.top:sv
		errors: 0, warnings: 0
TOOL:	xrun	21.03-s009: Exiting on Nov 16, 2023 at 00:36:20 CET  (total: 00:00:00)
