TOOL:	xrun	21.03-s009: Started on Oct 24, 2023 at 19:14:40 CEST
xrun
	-elaborate
	-l xrun_elaborate.log
	-F ../tb/tb.f
		-F ../tb/../../common/tinyalu/tinyalu.f
			single_cycle.sv
			three_cycle.sv
			tinyalu.sv
		tinyalu_tb.sv
	-v93
	+nowarnDSEM2009
	+nowarnDSEMEL
	+nowarnCGDEFN
	+nowarnCOVUTA
	+nowarnBADPRF
	+nowarnXCLGNOPTM
	+nowarnRNDXCELON
	+nowarnSAWSTP
	-xmlibdirname INCA_libs
	+overwrite
	-nocopyright
	-coverage all
	-covoverwrite
	-covfile xrun_covfile.txt
		Caching library 'worklib' ....... Done
	Elaborating the design hierarchy:
	Top level design units:
		top

	Extracting FSMs for coverage:
		worklib.single_cycle
		worklib.three_cycle
		worklib.tinyalu
		worklib.top
	Total FSMs extracted = 0
	Building instance overlay tables: .................... Done
	Enabling instrumentation for coverage types: block expression FSM toggle functional
	Generating native compiled code:
		worklib.three_cycle:sv <0x5d2e69dc>
			streams:   3, words:  3846
		worklib.single_cycle:sv <0x4af878fb>
			streams:   3, words:  2944
		worklib.tinyalu:sv <0x3fcdb066>
			streams:   3, words:  2601
		worklib.top:sv <0x755ce1e9>
			streams:  21, words: 34848
xmelab: *W,COVNOEN: By default, toggle coverage is not supported for systemverilog enumerated nets and variables inside structures. To enable toggle coverage of these objects, specify the 'set_toggle_scoring -sv_enum -sv_struct_with_enum' command in the coverage configuration file.
	Building instance specific data structures.
	Performing constant object marking (COM) analysis.
	Loading native compiled code:     .................... Done
	Design hierarchy summary:
		                Instances  Unique
		Modules:                4       4
		Registers:             35      35
		Scalar wires:           9       -
		Vectored wires:         7       -
		Always blocks:          5       5
		Initial blocks:         4       4
		Final blocks:           1       1
		Cont. assignments:      3       5
		Pseudo assignments:     3       3
		Assertions:             2       2
		Covergroup Instances:   0       2
	Writing initial simulation snapshot: worklib.top:sv
TOOL:	xrun	21.03-s009: Exiting on Oct 24, 2023 at 19:14:40 CEST  (total: 00:00:00)
