TOOL:	xrun	21.03-s009: Started on Oct 24, 2023 at 19:14:39 CEST
xrun
	-compile
	-l xrun_compile.log
	-F ../tb/tb.f
		-F ../tb/../../common/tinyalu/tinyalu.f
			single_cycle.sv
			three_cycle.sv
			tinyalu.sv
		tinyalu_tb.sv
	-v93
	+nowarnDSEM2009
	+nowarnDSEMEL
	+nowarnCGDEFN
	+nowarnCOVUTA
	+nowarnBADPRF
	+nowarnXCLGNOPTM
	+nowarnRNDXCELON
	+nowarnSAWSTP
	-xmlibdirname INCA_libs
	+overwrite
	-nocopyright
	-coverage all
	-covoverwrite
	-covfile xrun_covfile.txt
file: ../tb/../../common/tinyalu/single_cycle.sv
	module worklib.single_cycle:sv
		errors: 0, warnings: 0
file: ../tb/../../common/tinyalu/three_cycle.sv
	module worklib.three_cycle:sv
		errors: 0, warnings: 0
file: ../tb/../../common/tinyalu/tinyalu.sv
	module worklib.tinyalu:sv
		errors: 0, warnings: 0
file: ../tb/tinyalu_tb.sv
	module worklib.top:sv
		errors: 0, warnings: 0
TOOL:	xrun	21.03-s009: Exiting on Oct 24, 2023 at 19:14:40 CEST  (total: 00:00:01)
