TOOL:	xrun	21.03-s009: Started on Oct 18, 2023 at 17:14:09 CEST
xrun
	-compile
	-l xrun_compile.log
	-F ../tb/tb.f
		-F ../tb/../../common/vdic_dut_2023.f
			vdic_dut_2023.svp
		vdic_dut_2023_tb.sv
	-v93
	+nowarnDSEM2009
	+nowarnDSEMEL
	+nowarnCGDEFN
	+nowarnCOVUTA
	+nowarnBADPRF
	+nowarnXCLGNOPTM
	+nowarnRNDXCELON
	+nowarnSAWSTP
	-xmlibdirname INCA_libs
	+overwrite
	-nocopyright
	-coverage all
	-covoverwrite
	-covfile xrun_covfile.txt
DEFINE basic $CDSHOME/tools/dfII/etc/cdslib/basic
|
xrun: *W,DLCVAR (/cad/dk/PDK_CRN45GS_DGO_11_25/PDK/cds.lib,1): cds.lib Invalid environment variable ''.
DEFINE analogLib $CDSHOME/tools/dfII/etc/cdslib/artist/analogLib
|
xrun: *W,DLCVAR (/cad/dk/PDK_CRN45GS_DGO_11_25/PDK/cds.lib,2): cds.lib Invalid environment variable ''.
DEFINE ahdlLib $CDSHOME/tools/dfII/samples/artist/ahdlLib
|
xrun: *W,DLCVAR (/cad/dk/PDK_CRN45GS_DGO_11_25/PDK/cds.lib,3): cds.lib Invalid environment variable ''.
DEFINE bmslib $CDSHOME/tools/dfII/samples/artist/bmslib
|
xrun: *W,DLCVAR (/cad/dk/PDK_CRN45GS_DGO_11_25/PDK/cds.lib,4): cds.lib Invalid environment variable ''.
DEFINE sample $CDSHOME/tools/dfII/samples/cdslib/sample
|
xrun: *W,DLCVAR (/cad/dk/PDK_CRN45GS_DGO_11_25/PDK/cds.lib,5): cds.lib Invalid environment variable ''.
DEFINE connectLib $IUSHOME/tools/affirma_ams/etc/connect_lib/connectLib
|
xrun: *W,DLCVAR (/cad/dk/PDK_CRN45GS_DGO_11_25/PDK/cds.lib,6): cds.lib Invalid environment variable ''.
DEFINE basic $CDSHOME/tools/dfII/etc/cdslib/basic
|
xrun: *W,DLCVAR (/cad/dk/PDK_CRN45GS_DGO_11_25/PDK/cds.lib,1): cds.lib Invalid environment variable ''.
DEFINE analogLib $CDSHOME/tools/dfII/etc/cdslib/artist/analogLib
|
xrun: *W,DLCVAR (/cad/dk/PDK_CRN45GS_DGO_11_25/PDK/cds.lib,2): cds.lib Invalid environment variable ''.
DEFINE ahdlLib $CDSHOME/tools/dfII/samples/artist/ahdlLib
|
xrun: *W,DLCVAR (/cad/dk/PDK_CRN45GS_DGO_11_25/PDK/cds.lib,3): cds.lib Invalid environment variable ''.
DEFINE bmslib $CDSHOME/tools/dfII/samples/artist/bmslib
|
xrun: *W,DLCVAR (/cad/dk/PDK_CRN45GS_DGO_11_25/PDK/cds.lib,4): cds.lib Invalid environment variable ''.
DEFINE sample $CDSHOME/tools/dfII/samples/cdslib/sample
|
xrun: *W,DLCVAR (/cad/dk/PDK_CRN45GS_DGO_11_25/PDK/cds.lib,5): cds.lib Invalid environment variable ''.
DEFINE connectLib $IUSHOME/tools/affirma_ams/etc/connect_lib/connectLib
|
xrun: *W,DLCVAR (/cad/dk/PDK_CRN45GS_DGO_11_25/PDK/cds.lib,6): cds.lib Invalid environment variable ''.
DEFINE basic $CDSHOME/tools/dfII/etc/cdslib/basic
|
xrun: *W,DLCVAR (/cad/dk/PDK_CRN45GS_DGO_11_25/PDK/cds.lib,1): cds.lib Invalid environment variable ''.
DEFINE analogLib $CDSHOME/tools/dfII/etc/cdslib/artist/analogLib
|
xrun: *W,DLCVAR (/cad/dk/PDK_CRN45GS_DGO_11_25/PDK/cds.lib,2): cds.lib Invalid environment variable ''.
DEFINE ahdlLib $CDSHOME/tools/dfII/samples/artist/ahdlLib
|
xrun: *W,DLCVAR (/cad/dk/PDK_CRN45GS_DGO_11_25/PDK/cds.lib,3): cds.lib Invalid environment variable ''.
DEFINE bmslib $CDSHOME/tools/dfII/samples/artist/bmslib
|
xrun: *W,DLCVAR (/cad/dk/PDK_CRN45GS_DGO_11_25/PDK/cds.lib,4): cds.lib Invalid environment variable ''.
DEFINE sample $CDSHOME/tools/dfII/samples/cdslib/sample
|
xrun: *W,DLCVAR (/cad/dk/PDK_CRN45GS_DGO_11_25/PDK/cds.lib,5): cds.lib Invalid environment variable ''.
DEFINE connectLib $IUSHOME/tools/affirma_ams/etc/connect_lib/connectLib
|
xrun: *W,DLCVAR (/cad/dk/PDK_CRN45GS_DGO_11_25/PDK/cds.lib,6): cds.lib Invalid environment variable ''.
DEFINE basic $CDSHOME/tools/dfII/etc/cdslib/basic
|
xrun: *W,DLCVAR (/cad/dk/PDK_CRN45GS_DGO_11_25/PDK/cds.lib,1): cds.lib Invalid environment variable ''.
DEFINE analogLib $CDSHOME/tools/dfII/etc/cdslib/artist/analogLib
|
xrun: *W,DLCVAR (/cad/dk/PDK_CRN45GS_DGO_11_25/PDK/cds.lib,2): cds.lib Invalid environment variable ''.
DEFINE ahdlLib $CDSHOME/tools/dfII/samples/artist/ahdlLib
|
xrun: *W,DLCVAR (/cad/dk/PDK_CRN45GS_DGO_11_25/PDK/cds.lib,3): cds.lib Invalid environment variable ''.
DEFINE bmslib $CDSHOME/tools/dfII/samples/artist/bmslib
|
xrun: *W,DLCVAR (/cad/dk/PDK_CRN45GS_DGO_11_25/PDK/cds.lib,4): cds.lib Invalid environment variable ''.
DEFINE sample $CDSHOME/tools/dfII/samples/cdslib/sample
|
xrun: *W,DLCVAR (/cad/dk/PDK_CRN45GS_DGO_11_25/PDK/cds.lib,5): cds.lib Invalid environment variable ''.
DEFINE connectLib $IUSHOME/tools/affirma_ams/etc/connect_lib/connectLib
|
xrun: *W,DLCVAR (/cad/dk/PDK_CRN45GS_DGO_11_25/PDK/cds.lib,6): cds.lib Invalid environment variable ''.
DEFINE basic $CDSHOME/tools/dfII/etc/cdslib/basic
|
xrun: *W,DLCVAR (/cad/dk/PDK_CRN45GS_DGO_11_25/PDK/cds.lib,1): cds.lib Invalid environment variable ''.
DEFINE analogLib $CDSHOME/tools/dfII/etc/cdslib/artist/analogLib
|
xrun: *W,DLCVAR (/cad/dk/PDK_CRN45GS_DGO_11_25/PDK/cds.lib,2): cds.lib Invalid environment variable ''.
DEFINE ahdlLib $CDSHOME/tools/dfII/samples/artist/ahdlLib
|
xrun: *W,DLCVAR (/cad/dk/PDK_CRN45GS_DGO_11_25/PDK/cds.lib,3): cds.lib Invalid environment variable ''.
DEFINE bmslib $CDSHOME/tools/dfII/samples/artist/bmslib
|
xrun: *W,DLCVAR (/cad/dk/PDK_CRN45GS_DGO_11_25/PDK/cds.lib,4): cds.lib Invalid environment variable ''.
DEFINE sample $CDSHOME/tools/dfII/samples/cdslib/sample
|
xrun: *W,DLCVAR (/cad/dk/PDK_CRN45GS_DGO_11_25/PDK/cds.lib,5): cds.lib Invalid environment variable ''.
DEFINE connectLib $IUSHOME/tools/affirma_ams/etc/connect_lib/connectLib
|
xrun: *W,DLCVAR (/cad/dk/PDK_CRN45GS_DGO_11_25/PDK/cds.lib,6): cds.lib Invalid environment variable ''.
DEFINE basic $CDSHOME/tools/dfII/etc/cdslib/basic
|
xmvlog: *W,DLCVAR (/cad/dk/PDK_CRN45GS_DGO_11_25/PDK/cds.lib,1): cds.lib Invalid environment variable ''.
DEFINE analogLib $CDSHOME/tools/dfII/etc/cdslib/artist/analogLib
|
xmvlog: *W,DLCVAR (/cad/dk/PDK_CRN45GS_DGO_11_25/PDK/cds.lib,2): cds.lib Invalid environment variable ''.
DEFINE ahdlLib $CDSHOME/tools/dfII/samples/artist/ahdlLib
|
xmvlog: *W,DLCVAR (/cad/dk/PDK_CRN45GS_DGO_11_25/PDK/cds.lib,3): cds.lib Invalid environment variable ''.
DEFINE bmslib $CDSHOME/tools/dfII/samples/artist/bmslib
|
xmvlog: *W,DLCVAR (/cad/dk/PDK_CRN45GS_DGO_11_25/PDK/cds.lib,4): cds.lib Invalid environment variable ''.
DEFINE sample $CDSHOME/tools/dfII/samples/cdslib/sample
|
xmvlog: *W,DLCVAR (/cad/dk/PDK_CRN45GS_DGO_11_25/PDK/cds.lib,5): cds.lib Invalid environment variable ''.
DEFINE connectLib $IUSHOME/tools/affirma_ams/etc/connect_lib/connectLib
|
xmvlog: *W,DLCVAR (/cad/dk/PDK_CRN45GS_DGO_11_25/PDK/cds.lib,6): cds.lib Invalid environment variable ''.
file: ../tb/../../common/vdic_dut_2023.svp
	module worklib.vdic_dut_2023:svp
		errors: 0, warnings: 0
file: ../tb/vdic_dut_2023_tb.sv
	module worklib.top:sv
		errors: 0, warnings: 0
	Total errors/warnings found outside modules and primitives:
		errors: 0, warnings: 6
DEFINE basic $CDSHOME/tools/dfII/etc/cdslib/basic
|
xrun: *W,DLCVAR (/cad/dk/PDK_CRN45GS_DGO_11_25/PDK/cds.lib,1): cds.lib Invalid environment variable ''.
DEFINE analogLib $CDSHOME/tools/dfII/etc/cdslib/artist/analogLib
|
xrun: *W,DLCVAR (/cad/dk/PDK_CRN45GS_DGO_11_25/PDK/cds.lib,2): cds.lib Invalid environment variable ''.
DEFINE ahdlLib $CDSHOME/tools/dfII/samples/artist/ahdlLib
|
xrun: *W,DLCVAR (/cad/dk/PDK_CRN45GS_DGO_11_25/PDK/cds.lib,3): cds.lib Invalid environment variable ''.
DEFINE bmslib $CDSHOME/tools/dfII/samples/artist/bmslib
|
xrun: *W,DLCVAR (/cad/dk/PDK_CRN45GS_DGO_11_25/PDK/cds.lib,4): cds.lib Invalid environment variable ''.
DEFINE sample $CDSHOME/tools/dfII/samples/cdslib/sample
|
xrun: *W,DLCVAR (/cad/dk/PDK_CRN45GS_DGO_11_25/PDK/cds.lib,5): cds.lib Invalid environment variable ''.
DEFINE connectLib $IUSHOME/tools/affirma_ams/etc/connect_lib/connectLib
|
xrun: *W,DLCVAR (/cad/dk/PDK_CRN45GS_DGO_11_25/PDK/cds.lib,6): cds.lib Invalid environment variable ''.
DEFINE basic $CDSHOME/tools/dfII/etc/cdslib/basic
|
xrun: *W,DLCVAR (/cad/dk/PDK_CRN45GS_DGO_11_25/PDK/cds.lib,1): cds.lib Invalid environment variable ''.
DEFINE analogLib $CDSHOME/tools/dfII/etc/cdslib/artist/analogLib
|
xrun: *W,DLCVAR (/cad/dk/PDK_CRN45GS_DGO_11_25/PDK/cds.lib,2): cds.lib Invalid environment variable ''.
DEFINE ahdlLib $CDSHOME/tools/dfII/samples/artist/ahdlLib
|
xrun: *W,DLCVAR (/cad/dk/PDK_CRN45GS_DGO_11_25/PDK/cds.lib,3): cds.lib Invalid environment variable ''.
DEFINE bmslib $CDSHOME/tools/dfII/samples/artist/bmslib
|
xrun: *W,DLCVAR (/cad/dk/PDK_CRN45GS_DGO_11_25/PDK/cds.lib,4): cds.lib Invalid environment variable ''.
DEFINE sample $CDSHOME/tools/dfII/samples/cdslib/sample
|
xrun: *W,DLCVAR (/cad/dk/PDK_CRN45GS_DGO_11_25/PDK/cds.lib,5): cds.lib Invalid environment variable ''.
DEFINE connectLib $IUSHOME/tools/affirma_ams/etc/connect_lib/connectLib
|
xrun: *W,DLCVAR (/cad/dk/PDK_CRN45GS_DGO_11_25/PDK/cds.lib,6): cds.lib Invalid environment variable ''.
TOOL:	xrun	21.03-s009: Exiting on Oct 18, 2023 at 17:14:09 CEST  (total: 00:00:00)
