TOOL:	xrun	21.03-s009: Started on Oct 19, 2023 at 09:51:44 CEST
xrun
	-elaborate
	-l xrun_elaborate.log
	-F ../tb/tb.f
		-F ../tb/../../common/vdic_dut_2023.f
			vdic_dut_2023.svp
		vdic_dut_2023_tb.sv
	-v93
	+nowarnDSEM2009
	+nowarnDSEMEL
	+nowarnCGDEFN
	+nowarnCOVUTA
	+nowarnBADPRF
	+nowarnXCLGNOPTM
	+nowarnRNDXCELON
	+nowarnSAWSTP
	-xmlibdirname INCA_libs
	+overwrite
	-nocopyright
	-coverage all
	-covoverwrite
	-covfile xrun_covfile.txt
		Caching library 'worklib' ....... Done
	Elaborating the design hierarchy:
	Top level design units:
		top

	Extracting FSMs for coverage:
		worklib.top
	Total FSMs extracted = 0
	Building instance overlay tables: .................... Done
	Enabling instrumentation for coverage types: block expression FSM toggle functional
	Generating native compiled code:
		worklib.vdic_dut_2023:svp <0x31f3e734>
			streams:  25, words: 13928
		worklib.top:sv <0x41b326d1>
			streams:  19, words: 37215
	Building instance specific data structures.
	Performing constant object marking (COM) analysis.
	Loading native compiled code:     .................... Done
	Design hierarchy summary:
		              Instances  Unique
		Modules:              2       2
		Registers:           55      55
		Scalar wires:        13       -
		Vectored wires:      11       -
		Always blocks:        1       1
		Initial blocks:       4       4
		Final blocks:         1       1
		Cont. assignments:    9      11
		Pseudo assignments:   6       6
		Assertions:           1       1
	Writing initial simulation snapshot: worklib.top:sv
TOOL:	xrun	21.03-s009: Exiting on Oct 19, 2023 at 09:51:45 CEST  (total: 00:00:01)
