TOOL:	xrun	21.03-s009: Started on Oct 17, 2023 at 20:01:27 CEST
xrun
	-F ../tb/tb.f
		-F ../tb/../../common/vdic_dut_2023.f
			vdic_dut_2023.svp
		vdic_dut_2023_tb.sv
	-v93
	+nowarnDSEM2009
	+nowarnDSEMEL
	+nowarnCGDEFN
	+nowarnCOVUTA
	+nowarnBADPRF
	+nowarnXCLGNOPTM
	+nowarnRNDXCELON
	+nowarnSAWSTP
	-xmlibdirname INCA_libs_gui
	+access+r
	+gui
	+overwrite
	-nocopyright
	-coverage all
	-covoverwrite
	-covfile xrun_covfile.txt
	+UVM_TESTNAME=lab01
	-l xrun_gui.log
DEFINE basic $CDSHOME/tools/dfII/etc/cdslib/basic
|
xrun: *W,DLCVAR (/cad/dk/PDK_CRN45GS_DGO_11_25/PDK/cds.lib,1): cds.lib Invalid environment variable ''.
DEFINE analogLib $CDSHOME/tools/dfII/etc/cdslib/artist/analogLib
|
xrun: *W,DLCVAR (/cad/dk/PDK_CRN45GS_DGO_11_25/PDK/cds.lib,2): cds.lib Invalid environment variable ''.
DEFINE ahdlLib $CDSHOME/tools/dfII/samples/artist/ahdlLib
|
xrun: *W,DLCVAR (/cad/dk/PDK_CRN45GS_DGO_11_25/PDK/cds.lib,3): cds.lib Invalid environment variable ''.
DEFINE bmslib $CDSHOME/tools/dfII/samples/artist/bmslib
|
xrun: *W,DLCVAR (/cad/dk/PDK_CRN45GS_DGO_11_25/PDK/cds.lib,4): cds.lib Invalid environment variable ''.
DEFINE sample $CDSHOME/tools/dfII/samples/cdslib/sample
|
xrun: *W,DLCVAR (/cad/dk/PDK_CRN45GS_DGO_11_25/PDK/cds.lib,5): cds.lib Invalid environment variable ''.
DEFINE connectLib $IUSHOME/tools/affirma_ams/etc/connect_lib/connectLib
|
xrun: *W,DLCVAR (/cad/dk/PDK_CRN45GS_DGO_11_25/PDK/cds.lib,6): cds.lib Invalid environment variable ''.
DEFINE basic $CDSHOME/tools/dfII/etc/cdslib/basic
|
xrun: *W,DLCVAR (/cad/dk/PDK_CRN45GS_DGO_11_25/PDK/cds.lib,1): cds.lib Invalid environment variable ''.
DEFINE analogLib $CDSHOME/tools/dfII/etc/cdslib/artist/analogLib
|
xrun: *W,DLCVAR (/cad/dk/PDK_CRN45GS_DGO_11_25/PDK/cds.lib,2): cds.lib Invalid environment variable ''.
DEFINE ahdlLib $CDSHOME/tools/dfII/samples/artist/ahdlLib
|
xrun: *W,DLCVAR (/cad/dk/PDK_CRN45GS_DGO_11_25/PDK/cds.lib,3): cds.lib Invalid environment variable ''.
DEFINE bmslib $CDSHOME/tools/dfII/samples/artist/bmslib
|
xrun: *W,DLCVAR (/cad/dk/PDK_CRN45GS_DGO_11_25/PDK/cds.lib,4): cds.lib Invalid environment variable ''.
DEFINE sample $CDSHOME/tools/dfII/samples/cdslib/sample
|
xrun: *W,DLCVAR (/cad/dk/PDK_CRN45GS_DGO_11_25/PDK/cds.lib,5): cds.lib Invalid environment variable ''.
DEFINE connectLib $IUSHOME/tools/affirma_ams/etc/connect_lib/connectLib
|
xrun: *W,DLCVAR (/cad/dk/PDK_CRN45GS_DGO_11_25/PDK/cds.lib,6): cds.lib Invalid environment variable ''.
DEFINE basic $CDSHOME/tools/dfII/etc/cdslib/basic
|
xrun: *W,DLCVAR (/cad/dk/PDK_CRN45GS_DGO_11_25/PDK/cds.lib,1): cds.lib Invalid environment variable ''.
DEFINE analogLib $CDSHOME/tools/dfII/etc/cdslib/artist/analogLib
|
xrun: *W,DLCVAR (/cad/dk/PDK_CRN45GS_DGO_11_25/PDK/cds.lib,2): cds.lib Invalid environment variable ''.
DEFINE ahdlLib $CDSHOME/tools/dfII/samples/artist/ahdlLib
|
xrun: *W,DLCVAR (/cad/dk/PDK_CRN45GS_DGO_11_25/PDK/cds.lib,3): cds.lib Invalid environment variable ''.
DEFINE bmslib $CDSHOME/tools/dfII/samples/artist/bmslib
|
xrun: *W,DLCVAR (/cad/dk/PDK_CRN45GS_DGO_11_25/PDK/cds.lib,4): cds.lib Invalid environment variable ''.
DEFINE sample $CDSHOME/tools/dfII/samples/cdslib/sample
|
xrun: *W,DLCVAR (/cad/dk/PDK_CRN45GS_DGO_11_25/PDK/cds.lib,5): cds.lib Invalid environment variable ''.
DEFINE connectLib $IUSHOME/tools/affirma_ams/etc/connect_lib/connectLib
|
xrun: *W,DLCVAR (/cad/dk/PDK_CRN45GS_DGO_11_25/PDK/cds.lib,6): cds.lib Invalid environment variable ''.
DEFINE basic $CDSHOME/tools/dfII/etc/cdslib/basic
|
xrun: *W,DLCVAR (/cad/dk/PDK_CRN45GS_DGO_11_25/PDK/cds.lib,1): cds.lib Invalid environment variable ''.
DEFINE analogLib $CDSHOME/tools/dfII/etc/cdslib/artist/analogLib
|
xrun: *W,DLCVAR (/cad/dk/PDK_CRN45GS_DGO_11_25/PDK/cds.lib,2): cds.lib Invalid environment variable ''.
DEFINE ahdlLib $CDSHOME/tools/dfII/samples/artist/ahdlLib
|
xrun: *W,DLCVAR (/cad/dk/PDK_CRN45GS_DGO_11_25/PDK/cds.lib,3): cds.lib Invalid environment variable ''.
DEFINE bmslib $CDSHOME/tools/dfII/samples/artist/bmslib
|
xrun: *W,DLCVAR (/cad/dk/PDK_CRN45GS_DGO_11_25/PDK/cds.lib,4): cds.lib Invalid environment variable ''.
DEFINE sample $CDSHOME/tools/dfII/samples/cdslib/sample
|
xrun: *W,DLCVAR (/cad/dk/PDK_CRN45GS_DGO_11_25/PDK/cds.lib,5): cds.lib Invalid environment variable ''.
DEFINE connectLib $IUSHOME/tools/affirma_ams/etc/connect_lib/connectLib
|
xrun: *W,DLCVAR (/cad/dk/PDK_CRN45GS_DGO_11_25/PDK/cds.lib,6): cds.lib Invalid environment variable ''.
DEFINE basic $CDSHOME/tools/dfII/etc/cdslib/basic
|
xrun: *W,DLCVAR (/cad/dk/PDK_CRN45GS_DGO_11_25/PDK/cds.lib,1): cds.lib Invalid environment variable ''.
DEFINE analogLib $CDSHOME/tools/dfII/etc/cdslib/artist/analogLib
|
xrun: *W,DLCVAR (/cad/dk/PDK_CRN45GS_DGO_11_25/PDK/cds.lib,2): cds.lib Invalid environment variable ''.
DEFINE ahdlLib $CDSHOME/tools/dfII/samples/artist/ahdlLib
|
xrun: *W,DLCVAR (/cad/dk/PDK_CRN45GS_DGO_11_25/PDK/cds.lib,3): cds.lib Invalid environment variable ''.
DEFINE bmslib $CDSHOME/tools/dfII/samples/artist/bmslib
|
xrun: *W,DLCVAR (/cad/dk/PDK_CRN45GS_DGO_11_25/PDK/cds.lib,4): cds.lib Invalid environment variable ''.
DEFINE sample $CDSHOME/tools/dfII/samples/cdslib/sample
|
xrun: *W,DLCVAR (/cad/dk/PDK_CRN45GS_DGO_11_25/PDK/cds.lib,5): cds.lib Invalid environment variable ''.
DEFINE connectLib $IUSHOME/tools/affirma_ams/etc/connect_lib/connectLib
|
xrun: *W,DLCVAR (/cad/dk/PDK_CRN45GS_DGO_11_25/PDK/cds.lib,6): cds.lib Invalid environment variable ''.
Compiling UVM packages (uvm_pkg.sv cdns_uvm_pkg.sv) using uvmhome location /eda/cadence/2021-22/RHELx86/XCELIUM_21.03.009/tools/methodology/UVM/CDNS-1.1d
DEFINE basic $CDSHOME/tools/dfII/etc/cdslib/basic
|
xmvlog: *W,DLCVAR (/cad/dk/PDK_CRN45GS_DGO_11_25/PDK/cds.lib,1): cds.lib Invalid environment variable ''.
DEFINE analogLib $CDSHOME/tools/dfII/etc/cdslib/artist/analogLib
|
xmvlog: *W,DLCVAR (/cad/dk/PDK_CRN45GS_DGO_11_25/PDK/cds.lib,2): cds.lib Invalid environment variable ''.
DEFINE ahdlLib $CDSHOME/tools/dfII/samples/artist/ahdlLib
|
xmvlog: *W,DLCVAR (/cad/dk/PDK_CRN45GS_DGO_11_25/PDK/cds.lib,3): cds.lib Invalid environment variable ''.
DEFINE bmslib $CDSHOME/tools/dfII/samples/artist/bmslib
|
xmvlog: *W,DLCVAR (/cad/dk/PDK_CRN45GS_DGO_11_25/PDK/cds.lib,4): cds.lib Invalid environment variable ''.
DEFINE sample $CDSHOME/tools/dfII/samples/cdslib/sample
|
xmvlog: *W,DLCVAR (/cad/dk/PDK_CRN45GS_DGO_11_25/PDK/cds.lib,5): cds.lib Invalid environment variable ''.
DEFINE connectLib $IUSHOME/tools/affirma_ams/etc/connect_lib/connectLib
|
xmvlog: *W,DLCVAR (/cad/dk/PDK_CRN45GS_DGO_11_25/PDK/cds.lib,6): cds.lib Invalid environment variable ''.
DEFINE basic $CDSHOME/tools/dfII/etc/cdslib/basic
|
xmvlog: *W,DLCVAR (/cad/dk/PDK_CRN45GS_DGO_11_25/PDK/cds.lib,1): cds.lib Invalid environment variable ''.
DEFINE analogLib $CDSHOME/tools/dfII/etc/cdslib/artist/analogLib
|
xmvlog: *W,DLCVAR (/cad/dk/PDK_CRN45GS_DGO_11_25/PDK/cds.lib,2): cds.lib Invalid environment variable ''.
DEFINE ahdlLib $CDSHOME/tools/dfII/samples/artist/ahdlLib
|
xmvlog: *W,DLCVAR (/cad/dk/PDK_CRN45GS_DGO_11_25/PDK/cds.lib,3): cds.lib Invalid environment variable ''.
DEFINE bmslib $CDSHOME/tools/dfII/samples/artist/bmslib
|
xmvlog: *W,DLCVAR (/cad/dk/PDK_CRN45GS_DGO_11_25/PDK/cds.lib,4): cds.lib Invalid environment variable ''.
DEFINE sample $CDSHOME/tools/dfII/samples/cdslib/sample
|
xmvlog: *W,DLCVAR (/cad/dk/PDK_CRN45GS_DGO_11_25/PDK/cds.lib,5): cds.lib Invalid environment variable ''.
DEFINE connectLib $IUSHOME/tools/affirma_ams/etc/connect_lib/connectLib
|
xmvlog: *W,DLCVAR (/cad/dk/PDK_CRN45GS_DGO_11_25/PDK/cds.lib,6): cds.lib Invalid environment variable ''.
	Total errors/warnings found outside modules and primitives:
		errors: 0, warnings: 6
DEFINE basic $CDSHOME/tools/dfII/etc/cdslib/basic
|
xrun: *W,DLCVAR (/cad/dk/PDK_CRN45GS_DGO_11_25/PDK/cds.lib,1): cds.lib Invalid environment variable ''.
DEFINE analogLib $CDSHOME/tools/dfII/etc/cdslib/artist/analogLib
|
xrun: *W,DLCVAR (/cad/dk/PDK_CRN45GS_DGO_11_25/PDK/cds.lib,2): cds.lib Invalid environment variable ''.
DEFINE ahdlLib $CDSHOME/tools/dfII/samples/artist/ahdlLib
|
xrun: *W,DLCVAR (/cad/dk/PDK_CRN45GS_DGO_11_25/PDK/cds.lib,3): cds.lib Invalid environment variable ''.
DEFINE bmslib $CDSHOME/tools/dfII/samples/artist/bmslib
|
xrun: *W,DLCVAR (/cad/dk/PDK_CRN45GS_DGO_11_25/PDK/cds.lib,4): cds.lib Invalid environment variable ''.
DEFINE sample $CDSHOME/tools/dfII/samples/cdslib/sample
|
xrun: *W,DLCVAR (/cad/dk/PDK_CRN45GS_DGO_11_25/PDK/cds.lib,5): cds.lib Invalid environment variable ''.
DEFINE connectLib $IUSHOME/tools/affirma_ams/etc/connect_lib/connectLib
|
xrun: *W,DLCVAR (/cad/dk/PDK_CRN45GS_DGO_11_25/PDK/cds.lib,6): cds.lib Invalid environment variable ''.
DEFINE basic $CDSHOME/tools/dfII/etc/cdslib/basic
|
xrun: *W,DLCVAR (/cad/dk/PDK_CRN45GS_DGO_11_25/PDK/cds.lib,1): cds.lib Invalid environment variable ''.
DEFINE analogLib $CDSHOME/tools/dfII/etc/cdslib/artist/analogLib
|
xrun: *W,DLCVAR (/cad/dk/PDK_CRN45GS_DGO_11_25/PDK/cds.lib,2): cds.lib Invalid environment variable ''.
DEFINE ahdlLib $CDSHOME/tools/dfII/samples/artist/ahdlLib
|
xrun: *W,DLCVAR (/cad/dk/PDK_CRN45GS_DGO_11_25/PDK/cds.lib,3): cds.lib Invalid environment variable ''.
DEFINE bmslib $CDSHOME/tools/dfII/samples/artist/bmslib
|
xrun: *W,DLCVAR (/cad/dk/PDK_CRN45GS_DGO_11_25/PDK/cds.lib,4): cds.lib Invalid environment variable ''.
DEFINE sample $CDSHOME/tools/dfII/samples/cdslib/sample
|
xrun: *W,DLCVAR (/cad/dk/PDK_CRN45GS_DGO_11_25/PDK/cds.lib,5): cds.lib Invalid environment variable ''.
DEFINE connectLib $IUSHOME/tools/affirma_ams/etc/connect_lib/connectLib
|
xrun: *W,DLCVAR (/cad/dk/PDK_CRN45GS_DGO_11_25/PDK/cds.lib,6): cds.lib Invalid environment variable ''.
DEFINE basic $CDSHOME/tools/dfII/etc/cdslib/basic
|
xmelab: *W,DLCVAR (/cad/dk/PDK_CRN45GS_DGO_11_25/PDK/cds.lib,1): cds.lib Invalid environment variable ''.
DEFINE analogLib $CDSHOME/tools/dfII/etc/cdslib/artist/analogLib
|
xmelab: *W,DLCVAR (/cad/dk/PDK_CRN45GS_DGO_11_25/PDK/cds.lib,2): cds.lib Invalid environment variable ''.
DEFINE ahdlLib $CDSHOME/tools/dfII/samples/artist/ahdlLib
|
xmelab: *W,DLCVAR (/cad/dk/PDK_CRN45GS_DGO_11_25/PDK/cds.lib,3): cds.lib Invalid environment variable ''.
DEFINE bmslib $CDSHOME/tools/dfII/samples/artist/bmslib
|
xmelab: *W,DLCVAR (/cad/dk/PDK_CRN45GS_DGO_11_25/PDK/cds.lib,4): cds.lib Invalid environment variable ''.
DEFINE sample $CDSHOME/tools/dfII/samples/cdslib/sample
|
xmelab: *W,DLCVAR (/cad/dk/PDK_CRN45GS_DGO_11_25/PDK/cds.lib,5): cds.lib Invalid environment variable ''.
DEFINE connectLib $IUSHOME/tools/affirma_ams/etc/connect_lib/connectLib
|
xmelab: *W,DLCVAR (/cad/dk/PDK_CRN45GS_DGO_11_25/PDK/cds.lib,6): cds.lib Invalid environment variable ''.
		Caching library 'worklib' ....... Done
	Elaborating the design hierarchy:
	Top level design units:
		top

	Extracting FSMs for coverage:
		worklib.top
	Total FSMs extracted = 0
	Building instance overlay tables: .................... Done
	Enabling instrumentation for coverage types: block expression FSM toggle functional
	Building instance specific data structures.
	Performing constant object marking (COM) analysis.
	Loading native compiled code:     .................... Done
	Design hierarchy summary:
		              Instances  Unique
		Modules:              2       2
		Registers:           53      53
		Scalar wires:        13       -
		Vectored wires:      10       -
		Always blocks:        1       1
		Initial blocks:       4       4
		Final blocks:         1       1
		Cont. assignments:    9      11
		Pseudo assignments:   1       1
	Writing initial simulation snapshot: worklib.top:sv
DEFINE basic $CDSHOME/tools/dfII/etc/cdslib/basic
|
xmsim: *W,DLCVAR (/cad/dk/PDK_CRN45GS_DGO_11_25/PDK/cds.lib,1): cds.lib Invalid environment variable ''.
DEFINE analogLib $CDSHOME/tools/dfII/etc/cdslib/artist/analogLib
|
xmsim: *W,DLCVAR (/cad/dk/PDK_CRN45GS_DGO_11_25/PDK/cds.lib,2): cds.lib Invalid environment variable ''.
DEFINE ahdlLib $CDSHOME/tools/dfII/samples/artist/ahdlLib
|
xmsim: *W,DLCVAR (/cad/dk/PDK_CRN45GS_DGO_11_25/PDK/cds.lib,3): cds.lib Invalid environment variable ''.
DEFINE bmslib $CDSHOME/tools/dfII/samples/artist/bmslib
|
xmsim: *W,DLCVAR (/cad/dk/PDK_CRN45GS_DGO_11_25/PDK/cds.lib,4): cds.lib Invalid environment variable ''.
DEFINE sample $CDSHOME/tools/dfII/samples/cdslib/sample
|
xmsim: *W,DLCVAR (/cad/dk/PDK_CRN45GS_DGO_11_25/PDK/cds.lib,5): cds.lib Invalid environment variable ''.
DEFINE connectLib $IUSHOME/tools/affirma_ams/etc/connect_lib/connectLib
|
xmsim: *W,DLCVAR (/cad/dk/PDK_CRN45GS_DGO_11_25/PDK/cds.lib,6): cds.lib Invalid environment variable ''.

-------------------------------------
Relinquished control to SimVision...
xcelium> 
xcelium> source /eda/cadence/2021-22/RHELx86/XCELIUM_21.03.009/tools/xcelium/files/xmsimrc
xcelium> source /eda/cadence/2021-22/RHELx86/XCELIUM_21.03.009/tools/methodology/UVM/CDNS-1.1d/additions/sv/files/tcl/uvm_sim.tcl
xcelium> database -open waves -into waves.shm -default
Created default SHM database waves
xcelium> probe -create -shm top.test_result top.rst_n top.result_rdy top.result_parity_expected top.result_parity top.result_expected top.result top.req top.op_set top.arg_parity_error_expected top.clk top.op top.arg_parity_error top.arg_b_parity top.arg_b top.arg_a_parity top.arg_a top.ack
Created probe 1
xcelium> run
19990 Clock cycles elapsed: 1000
[1;30m[102m-----------------------------------
----------- Test PASSED -----------
-----------------------------------[0m

Simulation complete via $finish(1) at time 34980 NS + 0
../tb/vdic_dut_2023_tb.sv:250     $finish;
xcelium> 