TOOL:	xrun	21.03-s009: Started on Oct 12, 2023 at 08:30:16 CEST
xrun
	-F ../tb/tb.f
		-F ../tb/../../common/tinyalu/tinyalu.f
			single_cycle.sv
			three_cycle.sv
			tinyalu.sv
		tinyalu_tb.sv
	-v93
	+nowarnDSEM2009
	+nowarnDSEMEL
	+nowarnCGDEFN
	+nowarnCOVUTA
	+nowarnBADPRF
	+nowarnXCLGNOPTM
	+nowarnRNDXCELON
	+nowarnSAWSTP
	-xmlibdirname INCA_libs_gui
	+access+r
	+gui
	+overwrite
	-nocopyright
	-coverage all
	-covoverwrite
	-covfile xrun_covfile.txt
	+UVM_TESTNAME=lab01_example
	-l xrun_gui.log
Compiling UVM packages (uvm_pkg.sv cdns_uvm_pkg.sv) using uvmhome location /eda/cadence/2021-22/RHELx86/XCELIUM_21.03.009/tools/methodology/UVM/CDNS-1.1d
		Caching library 'worklib' ....... Done
	Elaborating the design hierarchy:
	Top level design units:
		top

	Extracting FSMs for coverage:
		worklib.single_cycle
		worklib.three_cycle
		worklib.tinyalu
		worklib.top
	Total FSMs extracted = 0
	Building instance overlay tables: .................... Done
	Enabling instrumentation for coverage types: block expression FSM toggle functional
	Building instance specific data structures.
	Performing constant object marking (COM) analysis.
	Loading native compiled code:     .................... Done
	Design hierarchy summary:
		              Instances  Unique
		Modules:              4       4
		Registers:           32      32
		Scalar wires:         9       -
		Vectored wires:       7       -
		Always blocks:        3       3
		Initial blocks:       4       4
		Final blocks:         1       1
		Cont. assignments:    3       5
		Pseudo assignments:   3       3
		Assertions:           1       1
	Writing initial simulation snapshot: worklib.top:sv

-------------------------------------
Relinquished control to SimVision...
xcelium> 
xcelium> source /eda/cadence/2021-22/RHELx86/XCELIUM_21.03.009/tools/xcelium/files/xmsimrc
xcelium> source /eda/cadence/2021-22/RHELx86/XCELIUM_21.03.009/tools/methodology/UVM/CDNS-1.1d/additions/sv/files/tcl/uvm_sim.tcl
xcelium> database -open waves -into waves.shm -default
Created default SHM database waves
xcelium> probe -create -shm top.DUT.A top.DUT.B top.DUT.clk top.DUT.op top.DUT.reset_n top.DUT.start top.DUT.done top.DUT.result
Created probe 1
xcelium> run
19990 Clock cycles elapsed: 1000
39990 Clock cycles elapsed: 2000
[1;30m[102m-----------------------------------
----------- Test PASSED -----------
-----------------------------------[0m

Simulation complete via $finish(1) at time 44900 NS + 0
../tb/tinyalu_tb.sv:181     $finish;
xcelium> ^C
xcelium> exit
See ./cov_work/scope/test/icc.com file for message(s) on coverage constant object marking

coverage setup:
  workdir  :  ./cov_work
  dutinst  :  top(top)
  scope    :  scope
  testname :  test

coverage files:
  model(design data) :  ./cov_work/scope/icc_776668d4_30945826.ucm
  data               :  ./cov_work/scope/test/icc_776668d4_30945826.ucd
TOOL:	xrun	21.03-s009: Exiting on Oct 12, 2023 at 08:39:06 CEST  (total: 00:08:50)
