*I,RUNLD: Successfully loaded run /home/student/jswiebocki/VDIC/lab09example/run/cov_work/scope/fibonacci_test.
*I,MERGL1: Merging Simulation Coverage ...
----------------------------
*I,MERGL1: Preparing target model ...
*I,MERGL1: Reading model of primary run (cov_work/scope/runall_test) as initial model: cov_work/scope/icc_33f1af73_3bff966d.ucm
*I,MERGL1: Target model generated successfully.
*I,MERGL1: Projecting Simulation ucd data into the target model ...
*I,MERGL2:   cov_work/scope/runall_test:
*I,MERGL3:       Data is projected in to the target model.
*I,MERGL2:   cov_work/scope/parallel_test:
*I,MERGL3:       Data is projected in to the target model.
*I,MERGL2:   cov_work/scope/fibonacci_test:
*I,MERGL3:       Data is projected in to the target model.
*I,MERGL1: Writing output database cov_work/scope/merged_results:
*I,MERGL2:   Model: cov_work/scope/merged_results/icc_33f1af73_3bff966d.ucm
*I,MERGL2:   Data : cov_work/scope/merged_results/icc_33f1af73_3bff966d.ucd
*I,MERGL1: No Specman coverage databases found in the runs.
Total conflicts during target model creation: 0
Total items not merged                      : 0
Total runs not considered during target model creation: 0
Total runs not merged                                 : 0
*I,RUNLD: Successfully loaded run /home/student/jswiebocki/VDIC/lab09example/run/cov_work/scope/merged_results.
*W,REPDEP: This is a legacy report and no future enhancement is planned for this report. It is recommended that you use the 'report_metrics' command and generate a dynamic report.
name                                     Overall Average      Overall Covered      Code Average         Code Covered         Fsm Average          Fsm Covered          Functional Average   Functional Covered   
-----------------------------------------------------------------------------------------------------------------------------------------------------------------------------------------------------------------
uvm_pkg                                  n/a                  n/a                  n/a                  n/a                  n/a                  n/a                  n/a                  n/a                  
|--uvm_test_top                          n/a                  n/a                  n/a                  n/a                  n/a                  n/a                  n/a                  n/a                  
| |--env_h                               n/a                  n/a                  n/a                  n/a                  n/a                  n/a                  n/a                  n/a                  
| | |--coverage_h                        100.00%              100.00% (60/60)      n/a                  n/a                  n/a                  n/a                  100.00%              100.00% (60/60)      
top                                      100.00%              100.00% (2/2)        100.00%              100.00% (2/2)        n/a                  n/a                  n/a                  n/a                  
|--bfm                                   98.29%               97.67% (84/86)       98.29%               97.67% (84/86)       n/a                  n/a                  n/a                  n/a                  
|--DUT                                   100.00%              100.00% (86/86)      100.00%              100.00% (86/86)      n/a                  n/a                  n/a                  n/a                  
| |--u_single_cycle                      97.22%               98.28% (57/58)       97.22%               98.28% (57/58)       n/a                  n/a                  n/a                  n/a                  
| |--u_three_cycle                       100.00%              100.00% (79/79)      100.00%              100.00% (79/79)      n/a                  n/a                  n/a                  n/a                  
